C:\WINDISKCACHE\DEBUG\THREADING.DLL
C:\WinDiskCache\Debug\Threading.exp
C:\WINDISKCACHE\DEBUG\THREADING.ILK
C:\WinDiskCache\Debug\Threading.lib
C:\WINDISKCACHE\DEBUG\THREADING.PDB
C:\WinDiskCache\Threading\Debug\cl.command.1.tlog
C:\WinDiskCache\Threading\Debug\CL.read.1.tlog
C:\WinDiskCache\Threading\Debug\CL.write.1.tlog
C:\WinDiskCache\Threading\Debug\link.2816.read.1.tlog
C:\WinDiskCache\Threading\Debug\link.2816.write.1.tlog
C:\WinDiskCache\Threading\Debug\link.2816-cvtres.read.1.tlog
C:\WinDiskCache\Threading\Debug\link.2816-cvtres.write.1.tlog
C:\WinDiskCache\Threading\Debug\link.2984.read.1.tlog
C:\WinDiskCache\Threading\Debug\link.2984.write.1.tlog
C:\WinDiskCache\Threading\Debug\link.2984-cvtres.read.1.tlog
C:\WinDiskCache\Threading\Debug\link.2984-cvtres.write.1.tlog
C:\WinDiskCache\Threading\Debug\link.command.1.tlog
C:\WinDiskCache\Threading\Debug\link.read.1.tlog
C:\WinDiskCache\Threading\Debug\link.write.1.tlog
C:\WinDiskCache\Threading\Debug\link-cvtres.read.1.tlog
C:\WinDiskCache\Threading\Debug\link-cvtres.write.1.tlog
C:\WinDiskCache\Threading\Debug\mt.command.1.tlog
C:\WinDiskCache\Threading\Debug\mt.read.1.tlog
C:\WinDiskCache\Threading\Debug\mt.write.1.tlog
C:\WINDISKCACHE\THREADING\DEBUG\MUTEX.OBJ
C:\WinDiskCache\Threading\Debug\rc.command.1.tlog
C:\WinDiskCache\Threading\Debug\rc.read.1.tlog
C:\WinDiskCache\Threading\Debug\rc.write.1.tlog
C:\WINDISKCACHE\THREADING\DEBUG\THREADING.DLL.EMBED.MANIFEST
C:\WINDISKCACHE\THREADING\DEBUG\THREADING.DLL.EMBED.MANIFEST.RES
C:\WINDISKCACHE\THREADING\DEBUG\THREADING.DLL.INTERMEDIATE.MANIFEST
C:\WinDiskCache\Threading\Debug\Threading.write.1.tlog
C:\WinDiskCache\Threading\Debug\Threading_manifest.rc
C:\WinDiskCache\Threading\Debug\vc100.idb
C:\WINDISKCACHE\THREADING\DEBUG\VC100.PDB
