Build started 11.08.2011 17:31:25.
Project "C:\WinDiskCache\Threading\Threading.vcxproj" on node 2 (rebuild target(s)).
_PrepareForClean:
  Deleting file "Debug\Threading.lastbuildstate".
InitializeBuildStatus:
  Creating "Debug\Threading.unsuccessfulbuild" because "AlwaysCreate" was specified.
ClCompile:
  C:\Program Files\Microsoft Visual Studio 10.0\VC\bin\CL.exe /c /ZI /nologo /W3 /WX- /Od /Oy- /D WIN32 /D _DEBUG /D _WINDOWS /D _USRDLL /D THREADING_EXPORTS /D _WINDLL /D _UNICODE /D UNICODE /Gm /EHsc /RTC1 /MDd /GS /fp:precise /Zc:wchar_t /Zc:forScope /Fo"Debug\\" /Fd"Debug\vc100.pdb" /Gd /TP /analyze- /errorReport:prompt Mutex.cpp
  Mutex.cpp
ManifestResourceCompile:
  C:\Program Files\Microsoft SDKs\Windows\v7.0A\bin\rc.exe /nologo /fo"Debug\Threading.dll.embed.manifest.res" Debug\Threading_manifest.rc 
Link:
  C:\Program Files\Microsoft Visual Studio 10.0\VC\bin\link.exe /ERRORREPORT:PROMPT /OUT:"C:\WinDiskCache\Debug\Threading.dll" /INCREMENTAL /NOLOGO kernel32.lib user32.lib gdi32.lib winspool.lib comdlg32.lib advapi32.lib shell32.lib ole32.lib oleaut32.lib uuid.lib odbc32.lib odbccp32.lib /MANIFEST /ManifestFile:"Debug\Threading.dll.intermediate.manifest" /MANIFESTUAC:"level='asInvoker' uiAccess='false'" /DEBUG /PDB:"C:\WinDiskCache\Debug\Threading.pdb" /SUBSYSTEM:WINDOWS /TLBID:1 /DYNAMICBASE /NXCOMPAT /IMPLIB:"C:\WinDiskCache\Debug\Threading.lib" /MACHINE:X86 /DLL Debug\Threading.dll.embed.manifest.res
  Debug\Mutex.obj
     Creating library C:\WinDiskCache\Debug\Threading.lib and object C:\WinDiskCache\Debug\Threading.exp
Manifest:
  Deleting file "Debug\Threading.dll.embed.manifest".
  C:\Program Files\Microsoft SDKs\Windows\v7.0A\bin\mt.exe /nologo /verbose /out:"Debug\Threading.dll.embed.manifest" /manifest Debug\Threading.dll.intermediate.manifest
  C:\Program Files\Microsoft SDKs\Windows\v7.0A\bin\rc.exe /nologo /fo"Debug\Threading.dll.embed.manifest.res" Debug\Threading_manifest.rc 
LinkEmbedManifest:
  C:\Program Files\Microsoft Visual Studio 10.0\VC\bin\link.exe /ERRORREPORT:PROMPT /OUT:"C:\WinDiskCache\Debug\Threading.dll" /INCREMENTAL /NOLOGO kernel32.lib user32.lib gdi32.lib winspool.lib comdlg32.lib advapi32.lib shell32.lib ole32.lib oleaut32.lib uuid.lib odbc32.lib odbccp32.lib /MANIFEST /ManifestFile:"Debug\Threading.dll.intermediate.manifest" /MANIFESTUAC:"level='asInvoker' uiAccess='false'" /DEBUG /PDB:"C:\WinDiskCache\Debug\Threading.pdb" /SUBSYSTEM:WINDOWS /TLBID:1 /DYNAMICBASE /NXCOMPAT /IMPLIB:"C:\WinDiskCache\Debug\Threading.lib" /MACHINE:X86 /DLL Debug\Threading.dll.embed.manifest.res
  Debug\Mutex.obj
     Creating library C:\WinDiskCache\Debug\Threading.lib and object C:\WinDiskCache\Debug\Threading.exp
  Threading.vcxproj -> C:\WinDiskCache\Debug\Threading.dll
FinalizeBuildStatus:
  Deleting file "Debug\Threading.unsuccessfulbuild".
  Touching "Debug\Threading.lastbuildstate".
Done Building Project "C:\WinDiskCache\Threading\Threading.vcxproj" (rebuild target(s)).

Build succeeded.

Time Elapsed 00:00:07.22
