C:\WINDISKCACHE\DEBUG\FILE.DLL
C:\WinDiskCache\Debug\File.exp
C:\WINDISKCACHE\DEBUG\FILE.ILK
C:\WinDiskCache\Debug\File.lib
C:\WINDISKCACHE\DEBUG\FILE.PDB
C:\WinDiskCache\File\Debug\cl.command.1.tlog
C:\WinDiskCache\File\Debug\CL.read.1.tlog
C:\WinDiskCache\File\Debug\CL.write.1.tlog
C:\WINDISKCACHE\FILE\DEBUG\FILE.DLL.EMBED.MANIFEST
C:\WINDISKCACHE\FILE\DEBUG\FILE.DLL.EMBED.MANIFEST.RES
C:\WINDISKCACHE\FILE\DEBUG\FILE.DLL.INTERMEDIATE.MANIFEST
C:\WINDISKCACHE\FILE\DEBUG\FILE.OBJ
C:\WinDiskCache\File\Debug\File.write.1.tlog
C:\WinDiskCache\File\Debug\File_manifest.rc
C:\WinDiskCache\File\Debug\link.3356.read.1.tlog
C:\WinDiskCache\File\Debug\link.3356.write.1.tlog
C:\WinDiskCache\File\Debug\link.3356-cvtres.read.1.tlog
C:\WinDiskCache\File\Debug\link.3356-cvtres.write.1.tlog
C:\WinDiskCache\File\Debug\link.command.1.tlog
C:\WinDiskCache\File\Debug\link.read.1.tlog
C:\WinDiskCache\File\Debug\link.write.1.tlog
C:\WinDiskCache\File\Debug\link-cvtres.read.1.tlog
C:\WinDiskCache\File\Debug\link-cvtres.write.1.tlog
C:\WinDiskCache\File\Debug\mt.command.1.tlog
C:\WinDiskCache\File\Debug\mt.read.1.tlog
C:\WinDiskCache\File\Debug\mt.write.1.tlog
C:\WinDiskCache\File\Debug\rc.command.1.tlog
C:\WinDiskCache\File\Debug\rc.read.1.tlog
C:\WinDiskCache\File\Debug\rc.write.1.tlog
C:\WinDiskCache\File\Debug\vc100.idb
C:\WINDISKCACHE\FILE\DEBUG\VC100.PDB
