C:\WINDISKCACHE\DEBUG\FSDRIVER.DLL
C:\WinDiskCache\Debug\FSDriver.exp
C:\WINDISKCACHE\DEBUG\FSDRIVER.ILK
C:\WinDiskCache\Debug\FSDriver.lib
C:\WINDISKCACHE\DEBUG\FSDRIVER.PDB
C:\WinDiskCache\FSDriver\Debug\cl.command.1.tlog
C:\WinDiskCache\FSDriver\Debug\CL.read.1.tlog
C:\WinDiskCache\FSDriver\Debug\CL.write.1.tlog
C:\WINDISKCACHE\FSDRIVER\DEBUG\FSAREA.OBJ
C:\WINDISKCACHE\FSDRIVER\DEBUG\FSDRIVER.DLL.EMBED.MANIFEST
C:\WINDISKCACHE\FSDRIVER\DEBUG\FSDRIVER.DLL.EMBED.MANIFEST.RES
C:\WINDISKCACHE\FSDRIVER\DEBUG\FSDRIVER.DLL.INTERMEDIATE.MANIFEST
C:\WINDISKCACHE\FSDRIVER\DEBUG\FSDRIVER.OBJ
C:\WinDiskCache\FSDriver\Debug\FSDriver.write.1.tlog
C:\WinDiskCache\FSDriver\Debug\FSDriver_manifest.rc
C:\WinDiskCache\FSDriver\Debug\link.3000.read.1.tlog
C:\WinDiskCache\FSDriver\Debug\link.3000.write.1.tlog
C:\WinDiskCache\FSDriver\Debug\link.3000-cvtres.read.1.tlog
C:\WinDiskCache\FSDriver\Debug\link.3000-cvtres.write.1.tlog
C:\WinDiskCache\FSDriver\Debug\link.command.1.tlog
C:\WinDiskCache\FSDriver\Debug\link.read.1.tlog
C:\WinDiskCache\FSDriver\Debug\link.write.1.tlog
C:\WinDiskCache\FSDriver\Debug\link-cvtres.read.1.tlog
C:\WinDiskCache\FSDriver\Debug\link-cvtres.write.1.tlog
C:\WinDiskCache\FSDriver\Debug\mt.command.1.tlog
C:\WinDiskCache\FSDriver\Debug\mt.read.1.tlog
C:\WinDiskCache\FSDriver\Debug\mt.write.1.tlog
C:\WinDiskCache\FSDriver\Debug\rc.command.1.tlog
C:\WinDiskCache\FSDriver\Debug\rc.read.1.tlog
C:\WinDiskCache\FSDriver\Debug\rc.write.1.tlog
C:\WinDiskCache\FSDriver\Debug\vc100.idb
C:\WINDISKCACHE\FSDRIVER\DEBUG\VC100.PDB
