Build started 11.08.2011 17:31:53.
Project "C:\WinDiskCache\FSDriver\FSDriver.vcxproj" on node 2 (rebuild target(s)).
_PrepareForClean:
  Deleting file "Debug\FSDriver.lastbuildstate".
InitializeBuildStatus:
  Creating "Debug\FSDriver.unsuccessfulbuild" because "AlwaysCreate" was specified.
ClCompile:
  C:\Program Files\Microsoft Visual Studio 10.0\VC\bin\CL.exe /c /IC:/WinDiskCache/File /ZI /nologo /W3 /WX- /Od /Oy- /D WIN32 /D _DEBUG /D _WINDOWS /D _USRDLL /D FSDRIVER_EXPORTS /D _WINDLL /D _UNICODE /D UNICODE /Gm /EHsc /RTC1 /MDd /GS /fp:precise /Zc:wchar_t /Zc:forScope /Fo"Debug\\" /Fd"Debug\vc100.pdb" /Gd /TP /analyze- /errorReport:prompt FSArea.cpp FSDriver.cpp
  FSDriver.cpp
c:\windiskcache\fsdriver\fsdriver.h(25): warning C4251: 'FSDriver::_areaList' : class 'std::vector<_Ty>' needs to have dll-interface to be used by clients of class 'FSDriver'
          with
          [
              _Ty=FSArea *
          ]
c:\windiskcache\fsdriver\fsdriver.cpp(35): warning C4996: 'fopen': This function or variable may be unsafe. Consider using fopen_s instead. To disable deprecation, use _CRT_SECURE_NO_WARNINGS. See online help for details.
          c:\program files\microsoft visual studio 10.0\vc\include\stdio.h(234) : see declaration of 'fopen'
c:\windiskcache\fsdriver\fsdriver.cpp(36): warning C4996: 'fscanf': This function or variable may be unsafe. Consider using fscanf_s instead. To disable deprecation, use _CRT_SECURE_NO_WARNINGS. See online help for details.
          c:\program files\microsoft visual studio 10.0\vc\include\stdio.h(253) : see declaration of 'fscanf'
c:\windiskcache\fsdriver\fsdriver.cpp(40): warning C4996: 'fscanf': This function or variable may be unsafe. Consider using fscanf_s instead. To disable deprecation, use _CRT_SECURE_NO_WARNINGS. See online help for details.
          c:\program files\microsoft visual studio 10.0\vc\include\stdio.h(253) : see declaration of 'fscanf'
  FSArea.cpp
  Generating Code...
ManifestResourceCompile:
  C:\Program Files\Microsoft SDKs\Windows\v7.0A\bin\rc.exe /nologo /fo"Debug\FSDriver.dll.embed.manifest.res" Debug\FSDriver_manifest.rc 
Link:
  C:\Program Files\Microsoft Visual Studio 10.0\VC\bin\link.exe /ERRORREPORT:PROMPT /OUT:"C:\WinDiskCache\Debug\FSDriver.dll" /INCREMENTAL /NOLOGO C:\WinDiskCache\Debug\File.lib kernel32.lib user32.lib gdi32.lib winspool.lib comdlg32.lib advapi32.lib shell32.lib ole32.lib oleaut32.lib uuid.lib odbc32.lib odbccp32.lib kernel32.lib user32.lib gdi32.lib winspool.lib comdlg32.lib advapi32.lib shell32.lib ole32.lib oleaut32.lib uuid.lib odbc32.lib odbccp32.lib /MANIFEST /ManifestFile:"Debug\FSDriver.dll.intermediate.manifest" /MANIFESTUAC:"level='asInvoker' uiAccess='false'" /DEBUG /PDB:"C:\WinDiskCache\Debug\FSDriver.pdb" /SUBSYSTEM:WINDOWS /TLBID:1 /DYNAMICBASE /NXCOMPAT /IMPLIB:"C:\WinDiskCache\Debug\FSDriver.lib" /MACHINE:X86 /DLL Debug\FSDriver.dll.embed.manifest.res
  Debug\FSArea.obj
  Debug\FSDriver.obj
     Creating library C:\WinDiskCache\Debug\FSDriver.lib and object C:\WinDiskCache\Debug\FSDriver.exp
Manifest:
  Deleting file "Debug\FSDriver.dll.embed.manifest".
  C:\Program Files\Microsoft SDKs\Windows\v7.0A\bin\mt.exe /nologo /verbose /out:"Debug\FSDriver.dll.embed.manifest" /manifest Debug\FSDriver.dll.intermediate.manifest
  C:\Program Files\Microsoft SDKs\Windows\v7.0A\bin\rc.exe /nologo /fo"Debug\FSDriver.dll.embed.manifest.res" Debug\FSDriver_manifest.rc 
LinkEmbedManifest:
  C:\Program Files\Microsoft Visual Studio 10.0\VC\bin\link.exe /ERRORREPORT:PROMPT /OUT:"C:\WinDiskCache\Debug\FSDriver.dll" /INCREMENTAL /NOLOGO C:\WinDiskCache\Debug\File.lib kernel32.lib user32.lib gdi32.lib winspool.lib comdlg32.lib advapi32.lib shell32.lib ole32.lib oleaut32.lib uuid.lib odbc32.lib odbccp32.lib kernel32.lib user32.lib gdi32.lib winspool.lib comdlg32.lib advapi32.lib shell32.lib ole32.lib oleaut32.lib uuid.lib odbc32.lib odbccp32.lib /MANIFEST /ManifestFile:"Debug\FSDriver.dll.intermediate.manifest" /MANIFESTUAC:"level='asInvoker' uiAccess='false'" /DEBUG /PDB:"C:\WinDiskCache\Debug\FSDriver.pdb" /SUBSYSTEM:WINDOWS /TLBID:1 /DYNAMICBASE /NXCOMPAT /IMPLIB:"C:\WinDiskCache\Debug\FSDriver.lib" /MACHINE:X86 /DLL Debug\FSDriver.dll.embed.manifest.res
  Debug\FSArea.obj
  Debug\FSDriver.obj
     Creating library C:\WinDiskCache\Debug\FSDriver.lib and object C:\WinDiskCache\Debug\FSDriver.exp
  FSDriver.vcxproj -> C:\WinDiskCache\Debug\FSDriver.dll
FinalizeBuildStatus:
  Deleting file "Debug\FSDriver.unsuccessfulbuild".
  Touching "Debug\FSDriver.lastbuildstate".
Done Building Project "C:\WinDiskCache\FSDriver\FSDriver.vcxproj" (rebuild target(s)).

Build succeeded.

Time Elapsed 00:00:05.15
